<?xml version="1.0" encoding="UTF-8"?>
<testsuite name="com.exam.board.BoardTestApplicationTests" tests="1" skipped="0" failures="0" errors="0" timestamp="2025-06-30T09:10:33.237Z" hostname="DESKTOP-1ORQRCO" time="0.202">
  <properties/>
  <testcase name="contextLoads()" classname="com.exam.board.BoardTestApplicationTests" time="0.202"/>
  <system-out><![CDATA[18:10:30.264 [Test worker] DEBUG org.springframework.test.context.BootstrapUtils - Instantiating CacheAwareContextLoaderDelegate from class [org.springframework.test.context.cache.DefaultCacheAwareContextLoaderDelegate]
18:10:30.272 [Test worker] DEBUG org.springframework.test.context.BootstrapUtils - Instantiating BootstrapContext using constructor [public org.springframework.test.context.support.DefaultBootstrapContext(java.lang.Class,org.springframework.test.context.CacheAwareContextLoaderDelegate)]
18:10:30.296 [Test worker] DEBUG org.springframework.test.context.BootstrapUtils - Instantiating TestContextBootstrapper for test class [com.exam.board.BoardTestApplicationTests] from class [org.springframework.boot.test.context.SpringBootTestContextBootstrapper]
18:10:30.305 [Test worker] INFO org.springframework.boot.test.context.SpringBootTestContextBootstrapper - Neither @ContextConfiguration nor @ContextHierarchy found for test class [com.exam.board.BoardTestApplicationTests], using SpringBootContextLoader
18:10:30.307 [Test worker] DEBUG org.springframework.test.context.support.AbstractContextLoader - Did not detect default resource location for test class [com.exam.board.BoardTestApplicationTests]: class path resource [com/exam/board/BoardTestApplicationTests-context.xml] does not exist
18:10:30.308 [Test worker] DEBUG org.springframework.test.context.support.AbstractContextLoader - Did not detect default resource location for test class [com.exam.board.BoardTestApplicationTests]: class path resource [com/exam/board/BoardTestApplicationTestsContext.groovy] does not exist
18:10:30.308 [Test worker] INFO org.springframework.test.context.support.AbstractContextLoader - Could not detect default resource locations for test class [com.exam.board.BoardTestApplicationTests]: no resource found for suffixes {-context.xml, Context.groovy}.
18:10:30.308 [Test worker] INFO org.springframework.test.context.support.AnnotationConfigContextLoaderUtils - Could not detect default configuration classes for test class [com.exam.board.BoardTestApplicationTests]: BoardTestApplicationTests does not declare any static, non-private, non-final, nested classes annotated with @Configuration.
18:10:30.341 [Test worker] DEBUG org.springframework.test.context.support.ActiveProfilesUtils - Could not find an 'annotation declaring class' for annotation type [org.springframework.test.context.ActiveProfiles] and class [com.exam.board.BoardTestApplicationTests]
18:10:30.389 [Test worker] DEBUG org.springframework.context.annotation.ClassPathScanningCandidateComponentProvider - Identified candidate component class: file [C:\ori\board1\boardTest\build\classes\java\main\com\exam\board\BoardTestApplication.class]
18:10:30.391 [Test worker] INFO org.springframework.boot.test.context.SpringBootTestContextBootstrapper - Found @SpringBootConfiguration com.exam.board.BoardTestApplication for test class com.exam.board.BoardTestApplicationTests
18:10:30.481 [Test worker] DEBUG org.springframework.boot.test.context.SpringBootTestContextBootstrapper - @TestExecutionListeners is not present for class [com.exam.board.BoardTestApplicationTests]: using defaults.
18:10:30.481 [Test worker] INFO org.springframework.boot.test.context.SpringBootTestContextBootstrapper - Loaded default TestExecutionListener class names from location [META-INF/spring.factories]: [org.springframework.boot.test.autoconfigure.restdocs.RestDocsTestExecutionListener, org.springframework.boot.test.autoconfigure.web.client.MockRestServiceServerResetTestExecutionListener, org.springframework.boot.test.autoconfigure.web.servlet.MockMvcPrintOnlyOnFailureTestExecutionListener, org.springframework.boot.test.autoconfigure.web.servlet.WebDriverTestExecutionListener, org.springframework.boot.test.autoconfigure.webservices.client.MockWebServiceServerTestExecutionListener, org.springframework.boot.test.mock.mockito.MockitoTestExecutionListener, org.springframework.boot.test.mock.mockito.ResetMocksTestExecutionListener, org.springframework.test.context.web.ServletTestExecutionListener, org.springframework.test.context.support.DirtiesContextBeforeModesTestExecutionListener, org.springframework.test.context.event.ApplicationEventsTestExecutionListener, org.springframework.test.context.support.DependencyInjectionTestExecutionListener, org.springframework.test.context.support.DirtiesContextTestExecutionListener, org.springframework.test.context.transaction.TransactionalTestExecutionListener, org.springframework.test.context.jdbc.SqlScriptsTestExecutionListener, org.springframework.test.context.event.EventPublishingTestExecutionListener]
18:10:30.491 [Test worker] INFO org.springframework.boot.test.context.SpringBootTestContextBootstrapper - Using TestExecutionListeners: [org.springframework.test.context.web.ServletTestExecutionListener@1a1d3c1a, org.springframework.test.context.support.DirtiesContextBeforeModesTestExecutionListener@1c65121, org.springframework.test.context.event.ApplicationEventsTestExecutionListener@159e366, org.springframework.boot.test.mock.mockito.MockitoTestExecutionListener@57dc9128, org.springframework.boot.test.autoconfigure.SpringBootDependencyInjectionTestExecutionListener@24528a25, org.springframework.test.context.support.DirtiesContextTestExecutionListener@17ae98d7, org.springframework.test.context.transaction.TransactionalTestExecutionListener@59221b97, org.springframework.test.context.jdbc.SqlScriptsTestExecutionListener@6ac4944a, org.springframework.test.context.event.EventPublishingTestExecutionListener@5a772895, org.springframework.boot.test.autoconfigure.restdocs.RestDocsTestExecutionListener@39fc6b2c, org.springframework.boot.test.autoconfigure.web.client.MockRestServiceServerResetTestExecutionListener@704b2127, org.springframework.boot.test.autoconfigure.web.servlet.MockMvcPrintOnlyOnFailureTestExecutionListener@3ee39da0, org.springframework.boot.test.autoconfigure.web.servlet.WebDriverTestExecutionListener@5d332969, org.springframework.boot.test.autoconfigure.webservices.client.MockWebServiceServerTestExecutionListener@7cc9ce8, org.springframework.boot.test.mock.mockito.ResetMocksTestExecutionListener@2e27d72f]
18:10:30.495 [Test worker] DEBUG org.springframework.test.context.support.AbstractDirtiesContextTestExecutionListener - Before test class: context [DefaultTestContext@1db0ec27 testClass = BoardTestApplicationTests, testInstance = [null], testMethod = [null], testException = [null], mergedContextConfiguration = [WebMergedContextConfiguration@3d9fc57a testClass = BoardTestApplicationTests, locations = '{}', classes = '{class com.exam.board.BoardTestApplication}', contextInitializerClasses = '[]', activeProfiles = '{}', propertySourceLocations = '{}', propertySourceProperties = '{org.springframework.boot.test.context.SpringBootTestContextBootstrapper=true}', contextCustomizers = set[org.springframework.boot.test.autoconfigure.actuate.metrics.MetricsExportContextCustomizerFactory$DisableMetricExportContextCustomizer@239b0f9d, org.springframework.boot.test.autoconfigure.properties.PropertyMappingContextCustomizer@0, org.springframework.boot.test.autoconfigure.web.servlet.WebDriverContextCustomizerFactory$Customizer@c260bdc, org.springframework.boot.test.context.filter.ExcludeFilterContextCustomizer@3f363cf5, org.springframework.boot.test.json.DuplicateJsonObjectContextCustomizerFactory$DuplicateJsonObjectContextCustomizer@22d6f11, org.springframework.boot.test.mock.mockito.MockitoContextCustomizer@0, org.springframework.boot.test.web.client.TestRestTemplateContextCustomizer@366ef90e, org.springframework.boot.test.context.SpringBootTestArgs@1, org.springframework.boot.test.context.SpringBootTestWebEnvironment@6e15fe2], resourceBasePath = 'src/main/webapp', contextLoader = 'org.springframework.boot.test.context.SpringBootContextLoader', parent = [null]], attributes = map['org.springframework.test.context.web.ServletTestExecutionListener.activateListener' -> true]], class annotated with @DirtiesContext [false] with mode [null].

  .   ____          _            __ _ _
 /\\ / ___'_ __ _ _(_)_ __  __ _ \ \ \ \
( ( )\___ | '_ | '_| | '_ \/ _` | \ \ \ \
 \\/  ___)| |_)| | | | | || (_| |  ) ) ) )
  '  |____| .__|_| |_|_| |_\__, | / / / /
 =========|_|==============|___/=/_/_/_/
 :: Spring Boot ::                (v2.7.5)

2025-06-30 18:10:30.794  INFO 31552 --- [    Test worker] c.exam.board.BoardTestApplicationTests   : Starting BoardTestApplicationTests using Java 11.0.27 on DESKTOP-1ORQRCO with PID 31552 (started by NewAdmin in C:\ori\board1\boardTest)
2025-06-30 18:10:30.796  INFO 31552 --- [    Test worker] c.exam.board.BoardTestApplicationTests   : No active profile set, falling back to 1 default profile: "default"
2025-06-30 18:10:31.293  INFO 31552 --- [    Test worker] .s.d.r.c.RepositoryConfigurationDelegate : Bootstrapping Spring Data JPA repositories in DEFAULT mode.
2025-06-30 18:10:31.305  INFO 31552 --- [    Test worker] .s.d.r.c.RepositoryConfigurationDelegate : Finished Spring Data repository scanning in 6 ms. Found 0 JPA repository interfaces.
2025-06-30 18:10:31.720  INFO 31552 --- [    Test worker] com.zaxxer.hikari.HikariDataSource       : HikariPool-1 - Starting...
2025-06-30 18:10:31.784  INFO 31552 --- [    Test worker] com.zaxxer.hikari.HikariDataSource       : HikariPool-1 - Start completed.
2025-06-30 18:10:31.833  INFO 31552 --- [    Test worker] o.hibernate.jpa.internal.util.LogHelper  : HHH000204: Processing PersistenceUnitInfo [name: default]
2025-06-30 18:10:31.877  INFO 31552 --- [    Test worker] org.hibernate.Version                    : HHH000412: Hibernate ORM core version 5.6.12.Final
2025-06-30 18:10:32.028  INFO 31552 --- [    Test worker] o.hibernate.annotations.common.Version   : HCANN000001: Hibernate Commons Annotations {5.1.2.Final}
2025-06-30 18:10:32.157  INFO 31552 --- [    Test worker] org.hibernate.dialect.Dialect            : HHH000400: Using dialect: org.hibernate.dialect.MariaDB106Dialect
2025-06-30 18:10:32.333  INFO 31552 --- [    Test worker] o.h.e.t.j.p.i.JtaPlatformInitiator       : HHH000490: Using JtaPlatform implementation: [org.hibernate.engine.transaction.jta.platform.internal.NoJtaPlatform]
2025-06-30 18:10:32.341  INFO 31552 --- [    Test worker] j.LocalContainerEntityManagerFactoryBean : Initialized JPA EntityManagerFactory for persistence unit 'default'
2025-06-30 18:10:32.614  WARN 31552 --- [    Test worker] JpaBaseConfiguration$JpaWebConfiguration : spring.jpa.open-in-view is enabled by default. Therefore, database queries may be performed during view rendering. Explicitly configure spring.jpa.open-in-view to disable this warning
2025-06-30 18:10:32.906  INFO 31552 --- [    Test worker] o.s.b.a.w.s.WelcomePageHandlerMapping    : Adding welcome page template: index
2025-06-30 18:10:33.206  INFO 31552 --- [    Test worker] c.exam.board.BoardTestApplicationTests   : Started BoardTestApplicationTests in 2.681 seconds (JVM running for 3.812)
]]></system-out>
  <system-err><![CDATA[]]></system-err>
</testsuite>
